<?xml version="1.0" encoding="UTF-8"?>
<testng-results ignored="0" total="1" passed="1" failed="0" skipped="0">
  <reporter-output>
  </reporter-output>
  <suite started-at="2024-12-08T19:10:00 GMT" name="Default suite" finished-at="2024-12-08T19:10:12 GMT" duration-ms="12458">
    <groups>
    </groups>
    <test started-at="2024-12-08T19:10:00 GMT" name="Default test" finished-at="2024-12-08T19:10:12 GMT" duration-ms="12458">
      <class name="com.demowebshop.tests.RegisterTest">
        <test-method is-config="true" signature="openBrowser()[pri:0, instance:com.demowebshop.tests.RegisterTest@1a942c18]" started-at="2024-12-08T19:09:51 GMT" name="openBrowser" finished-at="2024-12-08T19:10:00 GMT" duration-ms="8504" status="PASS">
          <reporter-output>
          </reporter-output>
        </test-method> <!-- openBrowser -->
        <test-method signature="registertotheDemoShopWebsite()[pri:0, instance:com.demowebshop.tests.RegisterTest@1a942c18]" started-at="2024-12-08T19:10:00 GMT" name="registertotheDemoShopWebsite" finished-at="2024-12-08T19:10:12 GMT" duration-ms="12338" status="PASS">
          <reporter-output>
          </reporter-output>
        </test-method> <!-- registertotheDemoShopWebsite -->
        <test-method is-config="true" signature="closeBrowser()[pri:0, instance:com.demowebshop.tests.RegisterTest@1a942c18]" started-at="2024-12-08T19:10:12 GMT" name="closeBrowser" finished-at="2024-12-08T19:10:13 GMT" duration-ms="674" status="PASS">
          <reporter-output>
          </reporter-output>
        </test-method> <!-- closeBrowser -->
      </class> <!-- com.demowebshop.tests.RegisterTest -->
    </test> <!-- Default test -->
  </suite> <!-- Default suite -->
</testng-results>
